2024-08-05 17:54:05.105 | ERROR    | bojojo.utils.bologger:error:31 - [INSERT JOB-BOARD ERR] JobBoardName: {'name': 'linkedIN', 'url': 'linkedin.com/jobs/', 'has_easy_apply': 1}
August 5, 2024 > 17:54:05 | ERROR | [INSERT JOB-BOARD ERR] JobBoardName: {'name': 'linkedIN', 'url': 'linkedin.com/jobs/', 'has_easy_apply': 1}
2024-08-05 17:57:18.202 | ERROR    | bojojo.utils.bologger:error:31 - [INSERT JOB-BOARD ERR] JobBoardName: {'name': 'linkedIN', 'url': 'linkedin.com/jobs/', 'has_easy_apply': 1}
August 5, 2024 > 17:57:18 | ERROR | [INSERT JOB-BOARD ERR] JobBoardName: {'name': 'linkedIN', 'url': 'linkedin.com/jobs/', 'has_easy_apply': 1}
2024-08-05 17:58:57.743 | ERROR    | bojojo.utils.bologger:error:31 - [INSERT JOB-BOARD ERR] JobBoardName: {'name': 'linkedIN', 'url': 'linkedin.com/jobs/', 'has_easy_apply': 1}
August 5, 2024 > 17:58:57 | ERROR | [INSERT JOB-BOARD ERR] JobBoardName: {'name': 'linkedIN', 'url': 'linkedin.com/jobs/', 'has_easy_apply': 1}
2024-08-05 18:02:17.319 | ERROR    | bojojo.utils.bologger:error:31 - [INSERT JOB-BOARD ERR] JobBoardName: {'name': 'linkedIN', 'url': 'linkedin.com/jobs/', 'has_easy_apply': 1}
August 5, 2024 > 18:02:17 | ERROR | [INSERT JOB-BOARD ERR] JobBoardName: {'name': 'linkedIN', 'url': 'linkedin.com/jobs/', 'has_easy_apply': 1}
2024-08-05 18:02:43.754 | ERROR    | bojojo.utils.bologger:error:31 - [INSERT JOB-BOARD ERR] JobBoardName: {'name': 'linkedIN', 'url': 'linkedin.com/jobs/', 'has_easy_apply': 1}
August 5, 2024 > 18:02:43 | ERROR | [INSERT JOB-BOARD ERR] JobBoardName: {'name': 'linkedIN', 'url': 'linkedin.com/jobs/', 'has_easy_apply': 1}
2024-08-05 18:03:07.739 | ERROR    | bojojo.utils.bologger:error:31 - [INSERT JOB-BOARD ERR] JobBoardName: {'name': 'linkedIN', 'url': 'linkedin.com/jobs/', 'has_easy_apply': 1}
August 5, 2024 > 18:03:07 | ERROR | [INSERT JOB-BOARD ERR] JobBoardName: {'name': 'linkedIN', 'url': 'linkedin.com/jobs/', 'has_easy_apply': 1}
2024-08-05 18:06:35.710 | ERROR    | bojojo.utils.bologger:error:31 - [INSERT JOB-BOARD ERR] JobBoardName: {'name': 'linkedIN', 'url': 'linkedin.com/jobs/', 'has_easy_apply': 1}
August 5, 2024 > 18:06:35 | ERROR | [INSERT JOB-BOARD ERR] JobBoardName: {'name': 'linkedIN', 'url': 'linkedin.com/jobs/', 'has_easy_apply': 1}
2024-08-05 18:08:54.200 | ERROR    | bojojo.utils.bologger:error:31 - [INSERT JOB-BOARD ERR] JobBoardName: {'name': 'linkedIN', 'url': 'linkedin.com/jobs/', 'has_easy_apply': 1}
August 5, 2024 > 18:08:54 | ERROR | [INSERT JOB-BOARD ERR] JobBoardName: {'name': 'linkedIN', 'url': 'linkedin.com/jobs/', 'has_easy_apply': 1}
2024-08-05 18:13:02.978 | ERROR    | bojojo.utils.bologger:error:31 - [INSERT JOB-BOARD ERR] JobBoardName: {'name': 'linkedIN', 'url': 'linkedin.com/jobs/', 'has_easy_apply': 1}
August 5, 2024 > 18:13:02 | ERROR | [INSERT JOB-BOARD ERR] JobBoardName: {'name': 'linkedIN', 'url': 'linkedin.com/jobs/', 'has_easy_apply': 1}
2024-08-05 18:20:30.631 | ERROR    | bojojo.utils.bologger:error:31 - [INSERT JOB-BOARD ERR] JobBoardName: {'name': 'linkedIN', 'url': 'linkedin.com/jobs/', 'has_easy_apply': 1}
August 5, 2024 > 18:20:30 | ERROR | [INSERT JOB-BOARD ERR] JobBoardName: {'name': 'linkedIN', 'url': 'linkedin.com/jobs/', 'has_easy_apply': 1}
2024-08-06 10:46:18.066 | ERROR    | bojojo.utils.bologger:error:31 - [INSERT JOB-BOARD ERR] JobBoardName: {'name': 'linkedIN', 'url': 'www.linkedin.com/jobs', 'has_easy_apply': 1}
August 6, 2024 > 10:46:18 | ERROR | [INSERT JOB-BOARD ERR] JobBoardName: {'name': 'linkedIN', 'url': 'www.linkedin.com/jobs', 'has_easy_apply': 1}
2024-08-06 10:49:59.762 | ERROR    | bojojo.utils.bologger:error:31 - [INSERT JOB-BOARD ERR] JobBoardName: {'name': 'linkedIN', 'url': 'www.linkedin.com/jobs', 'has_easy_apply': 1}
August 6, 2024 > 10:49:59 | ERROR | [INSERT JOB-BOARD ERR] JobBoardName: {'name': 'linkedIN', 'url': 'www.linkedin.com/jobs', 'has_easy_apply': 1}
2024-08-08 11:14:44.352 | ERROR    | bojojo.utils.bologger:error:31 - [INSERT JOB-BOARD ERR] JobBoardName: {'name': 'linkedIN', 'url': 'linkedin.com/jobs/', 'has_easy_apply': 1}
August 8, 2024 > 11:14:44 | ERROR | [INSERT JOB-BOARD ERR] JobBoardName: {'name': 'linkedIN', 'url': 'linkedin.com/jobs/', 'has_easy_apply': 1}
2024-08-08 11:33:32.577 | ERROR    | bojojo.utils.bologger:error:31 - [INSERT JOB-BOARD ERR] JobBoardName: {'name': 'linkedIN', 'url': 'linkedin.com/jobs/', 'has_easy_apply': 1}
August 8, 2024 > 11:33:32 | ERROR | [INSERT JOB-BOARD ERR] JobBoardName: {'name': 'linkedIN', 'url': 'linkedin.com/jobs/', 'has_easy_apply': 1}
2024-08-08 14:10:11.843 | ERROR    | bojojo.utils.bologger:error:31 - [READ JOB-BOARD ERR] :: Could not locate a bind configured on mapper Mapper[JobBoard(Job_Boards)], SQL expression or this Session.
August 8, 2024 > 14:10:11 | ERROR | [READ JOB-BOARD ERR] :: Could not locate a bind configured on mapper Mapper[JobBoard(Job_Boards)], SQL expression or this Session.
2024-08-08 14:13:45.186 | ERROR    | bojojo.utils.bologger:error:31 - [INSERT RESUME ERR] ResumeJobTitleId: 1, Path: fpath:: Could not locate a bind configured on mapper Mapper[Resume(Resumes)], SQL expression or this Session.
August 8, 2024 > 14:13:45 | ERROR | [INSERT RESUME ERR] ResumeJobTitleId: 1, Path: fpath:: Could not locate a bind configured on mapper Mapper[Resume(Resumes)], SQL expression or this Session.
2024-08-08 14:15:48.233 | ERROR    | bojojo.utils.bologger:error:31 - [INSERT RESUME ERR] ResumeJobTitleId: 1, Path: fpath:: Could not locate a bind configured on mapper Mapper[Resume(Resumes)], SQL expression or this Session.
August 8, 2024 > 14:15:48 | ERROR | [INSERT RESUME ERR] ResumeJobTitleId: 1, Path: fpath:: Could not locate a bind configured on mapper Mapper[Resume(Resumes)], SQL expression or this Session.
2024-08-08 14:16:15.994 | ERROR    | bojojo.utils.bologger:error:31 - [INSERT RESUME ERR] ResumeJobTitleId: 1, Path: fpath:: Could not locate a bind configured on mapper Mapper[Resume(Resumes)], SQL expression or this Session.
August 8, 2024 > 14:16:15 | ERROR | [INSERT RESUME ERR] ResumeJobTitleId: 1, Path: fpath:: Could not locate a bind configured on mapper Mapper[Resume(Resumes)], SQL expression or this Session.
2024-08-08 14:16:49.817 | ERROR    | bojojo.utils.bologger:error:31 - [INSERT RESUME ERR] ResumeJobTitleId: 1, Path: fpath:: Could not locate a bind configured on mapper Mapper[Resume(Resumes)], SQL expression or this Session.
August 8, 2024 > 14:16:49 | ERROR | [INSERT RESUME ERR] ResumeJobTitleId: 1, Path: fpath:: Could not locate a bind configured on mapper Mapper[Resume(Resumes)], SQL expression or this Session.
2024-08-09 23:38:57.622 | ERROR    | bojojo.utils.bologger:error:31 - [READ JOB-BOARD ERR] :: Could not locate a bind configured on mapper Mapper[JobBoard(Job_Boards)], SQL expression or this Session.
August 9, 2024 > 23:38:57 | ERROR | [READ JOB-BOARD ERR] :: Could not locate a bind configured on mapper Mapper[JobBoard(Job_Boards)], SQL expression or this Session.
2024-08-10 00:03:39.197 | ERROR    | bojojo.utils.bologger:error:31 - [READ JOB-BOARD ERR] :: Could not locate a bind configured on mapper Mapper[JobBoard(Job_Boards)], SQL expression or this Session.
August 10, 2024 > 00:03:39 | ERROR | [READ JOB-BOARD ERR] :: Could not locate a bind configured on mapper Mapper[JobBoard(Job_Boards)], SQL expression or this Session.
2024-08-10 00:14:02.187 | ERROR    | bojojo.utils.bologger:error:31 - [INSERT JOB-BOARD ERR] JobBoardName: {'name': 'software engineer', 'url': <ExperienceType.JUNIOR: 'junior'>, 'has_easy_apply': 2.0}
August 10, 2024 > 00:14:02 | ERROR | [INSERT JOB-BOARD ERR] JobBoardName: {'name': 'software engineer', 'url': <ExperienceType.JUNIOR: 'junior'>, 'has_easy_apply': 2.0}
2024-08-10 00:16:53.179 | ERROR    | bojojo.utils.bologger:error:31 - [INSERT JOB-BOARD ERR] JobBoardName: {'name': 'software engineer', 'url': <ExperienceType.JUNIOR: 'junior'>, 'has_easy_apply': 2.0}
August 10, 2024 > 00:16:53 | ERROR | [INSERT JOB-BOARD ERR] JobBoardName: {'name': 'software engineer', 'url': <ExperienceType.JUNIOR: 'junior'>, 'has_easy_apply': 2.0}
2024-08-10 00:19:01.023 | ERROR    | bojojo.utils.bologger:error:31 - [INSERT JOB-TITLE ERR] JobTitleId: {'name': 'software engineer', 'experience_level': <ExperienceType.JUNIOR: 'junior'>, 'experience_years': 2.0}:: Could not locate a bind configured on mapper Mapper[JobTitle(Job_Titles)], SQL expression or this Session.
August 10, 2024 > 00:19:01 | ERROR | [INSERT JOB-TITLE ERR] JobTitleId: {'name': 'software engineer', 'experience_level': <ExperienceType.JUNIOR: 'junior'>, 'experience_years': 2.0}:: Could not locate a bind configured on mapper Mapper[JobTitle(Job_Titles)], SQL expression or this Session.
2024-08-10 00:19:33.910 | ERROR    | bojojo.utils.bologger:error:31 - [INSERT JOB-TITLE ERR] JobTitleId: {'name': 'software engineer', 'experience_level': <ExperienceType.JUNIOR: 'junior'>, 'experience_years': 2.0}:: Could not locate a bind configured on mapper Mapper[JobTitle(Job_Titles)], SQL expression or this Session.
August 10, 2024 > 00:19:33 | ERROR | [INSERT JOB-TITLE ERR] JobTitleId: {'name': 'software engineer', 'experience_level': <ExperienceType.JUNIOR: 'junior'>, 'experience_years': 2.0}:: Could not locate a bind configured on mapper Mapper[JobTitle(Job_Titles)], SQL expression or this Session.
2024-08-10 00:20:45.790 | ERROR    | bojojo.utils.bologger:error:31 - [INSERT JOB-TITLE ERR] JobTitleId: {'name': 'software engineer', 'experience_level': <ExperienceType.JUNIOR: 'junior'>, 'experience_years': 2.0}:: Could not locate a bind configured on mapper Mapper[JobTitle(Job_Titles)], SQL expression or this Session.
August 10, 2024 > 00:20:45 | ERROR | [INSERT JOB-TITLE ERR] JobTitleId: {'name': 'software engineer', 'experience_level': <ExperienceType.JUNIOR: 'junior'>, 'experience_years': 2.0}:: Could not locate a bind configured on mapper Mapper[JobTitle(Job_Titles)], SQL expression or this Session.
2024-08-10 00:23:24.590 | ERROR    | bojojo.utils.bologger:error:31 - [INSERT JOB-TITLE ERR] JobTitleId: {'name': 'software engineer', 'experience_level': <ExperienceType.JUNIOR: 'junior'>, 'experience_years': 2.0}:: Could not locate a bind configured on mapper Mapper[JobTitle(Job_Titles)], SQL expression or this Session.
August 10, 2024 > 00:23:24 | ERROR | [INSERT JOB-TITLE ERR] JobTitleId: {'name': 'software engineer', 'experience_level': <ExperienceType.JUNIOR: 'junior'>, 'experience_years': 2.0}:: Could not locate a bind configured on mapper Mapper[JobTitle(Job_Titles)], SQL expression or this Session.
2024-08-10 00:24:52.313 | ERROR    | bojojo.utils.bologger:error:31 - [INSERT JOB-TITLE ERR] JobTitleId: {'name': 'software engineer', 'experience_level': <ExperienceType.JUNIOR: 'junior'>, 'experience_years': 2.0}:: Could not locate a bind configured on mapper Mapper[JobTitle(Job_Titles)], SQL expression or this Session.
August 10, 2024 > 00:24:52 | ERROR | [INSERT JOB-TITLE ERR] JobTitleId: {'name': 'software engineer', 'experience_level': <ExperienceType.JUNIOR: 'junior'>, 'experience_years': 2.0}:: Could not locate a bind configured on mapper Mapper[JobTitle(Job_Titles)], SQL expression or this Session.
2024-08-10 00:27:45.811 | ERROR    | bojojo.utils.bologger:error:31 - [INSERT JOB-TITLE ERR] JobTitleId: {'name': 'software engineer', 'experience_level': <ExperienceType.JUNIOR: 'junior'>, 'experience_years': 2.0}:: Could not locate a bind configured on mapper Mapper[JobTitle(Job_Titles)], SQL expression or this Session.
August 10, 2024 > 00:27:45 | ERROR | [INSERT JOB-TITLE ERR] JobTitleId: {'name': 'software engineer', 'experience_level': <ExperienceType.JUNIOR: 'junior'>, 'experience_years': 2.0}:: Could not locate a bind configured on mapper Mapper[JobTitle(Job_Titles)], SQL expression or this Session.
2024-08-10 00:40:20.895 | ERROR    | bojojo.utils.bologger:error:31 - [INSERT JOB-BOARD ERR] JobBoardName: {'name': 'dad', 'url': 'das/adas', 'has_easy_apply': True}
August 10, 2024 > 00:40:20 | ERROR | [INSERT JOB-BOARD ERR] JobBoardName: {'name': 'dad', 'url': 'das/adas', 'has_easy_apply': True}
2024-08-10 00:41:16.413 | ERROR    | bojojo.utils.bologger:error:31 - [INSERT JOB-BOARD ERR] JobBoardName: {'name': 'dad', 'url': 'das/adas', 'has_easy_apply': True}
August 10, 2024 > 00:41:16 | ERROR | [INSERT JOB-BOARD ERR] JobBoardName: {'name': 'dad', 'url': 'das/adas', 'has_easy_apply': True}
2024-08-10 00:44:09.599 | ERROR    | bojojo.utils.bologger:error:31 - [INSERT JOB-BOARD ERR] JobBoardName: {'name': 'dad', 'url': 'das/adas', 'has_easy_apply': True}
August 10, 2024 > 00:44:09 | ERROR | [INSERT JOB-BOARD ERR] JobBoardName: {'name': 'dad', 'url': 'das/adas', 'has_easy_apply': True}
2024-08-10 00:44:44.058 | ERROR    | bojojo.utils.bologger:error:31 - [INSERT JOB-TITLE ERR] JobTitleId: {'name': 'software engineer', 'experience_level': <ExperienceType.JUNIOR: 'junior'>, 'experience_years': 2.0}:: (sqlite3.IntegrityError) CHECK constraint failed: experience_level IN ('junior', 'mid', 'senior')
[SQL: INSERT INTO "Job_Titles" (name, experience_level, experience_years) VALUES (?, ?, ?) RETURNING id, name, experience_level, experience_years]
[parameters: ('software engineer', 'JUNIOR', 2.0)]
(Background on this error at: https://sqlalche.me/e/20/gkpj)
August 10, 2024 > 00:44:44 | ERROR | [INSERT JOB-TITLE ERR] JobTitleId: {'name': 'software engineer', 'experience_level': <ExperienceType.JUNIOR: 'junior'>, 'experience_years': 2.0}:: (sqlite3.IntegrityError) CHECK constraint failed: experience_level IN ('junior', 'mid', 'senior')
[SQL: INSERT INTO "Job_Titles" (name, experience_level, experience_years) VALUES (?, ?, ?) RETURNING id, name, experience_level, experience_years]
[parameters: ('software engineer', 'JUNIOR', 2.0)]
(Background on this error at: https://sqlalche.me/e/20/gkpj)
2024-08-10 00:46:08.544 | ERROR    | bojojo.utils.bologger:error:31 - [INSERT JOB-TITLE ERR] JobTitleId: {'name': 'software engineer', 'experience_level': 'junior', 'experience_years': 2.0}:: (sqlite3.OperationalError) cannot commit transaction - SQL statements in progress
(Background on this error at: https://sqlalche.me/e/20/e3q8)
August 10, 2024 > 00:46:08 | ERROR | [INSERT JOB-TITLE ERR] JobTitleId: {'name': 'software engineer', 'experience_level': 'junior', 'experience_years': 2.0}:: (sqlite3.OperationalError) cannot commit transaction - SQL statements in progress
(Background on this error at: https://sqlalche.me/e/20/e3q8)
2024-08-10 00:48:53.699 | ERROR    | bojojo.utils.bologger:error:31 - [INSERT JOB-TITLE ERR] JobTitleId: {'name': 'software engineer', 'experience_level': 'JUNIOR', 'experience_years': 2.0}:: (sqlite3.IntegrityError) CHECK constraint failed: experience_level IN ('junior', 'mid', 'senior')
[SQL: INSERT INTO "Job_Titles" (name, experience_level, experience_years) VALUES (?, ?, ?) RETURNING id, name, experience_level, experience_years]
[parameters: ('software engineer', 'JUNIOR', 2.0)]
(Background on this error at: https://sqlalche.me/e/20/gkpj)
August 10, 2024 > 00:48:53 | ERROR | [INSERT JOB-TITLE ERR] JobTitleId: {'name': 'software engineer', 'experience_level': 'JUNIOR', 'experience_years': 2.0}:: (sqlite3.IntegrityError) CHECK constraint failed: experience_level IN ('junior', 'mid', 'senior')
[SQL: INSERT INTO "Job_Titles" (name, experience_level, experience_years) VALUES (?, ?, ?) RETURNING id, name, experience_level, experience_years]
[parameters: ('software engineer', 'JUNIOR', 2.0)]
(Background on this error at: https://sqlalche.me/e/20/gkpj)
2024-08-10 00:54:11.808 | ERROR    | bojojo.utils.bologger:error:31 - [INSERT JOB-TITLE ERR] JobTitleId: {'name': 'software engineer', 'experience_level': <ExperienceType.JUNIOR: 'junior'>, 'experience_years': 2.0}:: (sqlite3.IntegrityError) CHECK constraint failed: experience_level IN ('junior', 'mid', 'senior')
[SQL: INSERT INTO "Job_Titles" (name, experience_level, experience_years) VALUES (?, ?, ?) RETURNING id, name, experience_level, experience_years]
[parameters: ('software engineer', 'JUNIOR', 2.0)]
(Background on this error at: https://sqlalche.me/e/20/gkpj)
August 10, 2024 > 00:54:11 | ERROR | [INSERT JOB-TITLE ERR] JobTitleId: {'name': 'software engineer', 'experience_level': <ExperienceType.JUNIOR: 'junior'>, 'experience_years': 2.0}:: (sqlite3.IntegrityError) CHECK constraint failed: experience_level IN ('junior', 'mid', 'senior')
[SQL: INSERT INTO "Job_Titles" (name, experience_level, experience_years) VALUES (?, ?, ?) RETURNING id, name, experience_level, experience_years]
[parameters: ('software engineer', 'JUNIOR', 2.0)]
(Background on this error at: https://sqlalche.me/e/20/gkpj)
2024-08-10 00:56:58.714 | ERROR    | bojojo.utils.bologger:error:31 - [INSERT JOB-TITLE ERR] JobTitleId: {'name': 'software engineer', 'experience_level': <ExperienceType.JUNIOR: 'junior'>, 'experience_years': 2.0}:: (sqlite3.IntegrityError) CHECK constraint failed: experience_level IN ('junior', 'mid', 'senior')
[SQL: INSERT INTO "Job_Titles" (name, experience_level, experience_years) VALUES (?, ?, ?) RETURNING id, name, experience_level, experience_years]
[parameters: ('software engineer', 'JUNIOR', 2.0)]
(Background on this error at: https://sqlalche.me/e/20/gkpj)
August 10, 2024 > 00:56:58 | ERROR | [INSERT JOB-TITLE ERR] JobTitleId: {'name': 'software engineer', 'experience_level': <ExperienceType.JUNIOR: 'junior'>, 'experience_years': 2.0}:: (sqlite3.IntegrityError) CHECK constraint failed: experience_level IN ('junior', 'mid', 'senior')
[SQL: INSERT INTO "Job_Titles" (name, experience_level, experience_years) VALUES (?, ?, ?) RETURNING id, name, experience_level, experience_years]
[parameters: ('software engineer', 'JUNIOR', 2.0)]
(Background on this error at: https://sqlalche.me/e/20/gkpj)
2024-08-10 02:20:01.065 | ERROR    | bojojo.utils.bologger:error:31 - [INSERT JOB-TITLE ERR] JobTitleId: {'name': 'software engineer', 'experience_level': <ExperienceType.JUNIOR: 'junior'>, 'experience_years': 2.0}:: (sqlite3.OperationalError) cannot commit transaction - SQL statements in progress
(Background on this error at: https://sqlalche.me/e/20/e3q8)
August 10, 2024 > 02:20:01 | ERROR | [INSERT JOB-TITLE ERR] JobTitleId: {'name': 'software engineer', 'experience_level': <ExperienceType.JUNIOR: 'junior'>, 'experience_years': 2.0}:: (sqlite3.OperationalError) cannot commit transaction - SQL statements in progress
(Background on this error at: https://sqlalche.me/e/20/e3q8)
2024-08-12 15:30:37.682 | ERROR    | bojojo.utils.bologger:error:31 - [UPDATE JOB-TITLE ERR] JobTitleId: 2:: (sqlite3.OperationalError) cannot commit transaction - SQL statements in progress
(Background on this error at: https://sqlalche.me/e/20/e3q8)
August 12, 2024 > 15:30:37 | ERROR | [UPDATE JOB-TITLE ERR] JobTitleId: 2:: (sqlite3.OperationalError) cannot commit transaction - SQL statements in progress
(Background on this error at: https://sqlalche.me/e/20/e3q8)
2024-08-12 15:31:17.789 | ERROR    | bojojo.utils.bologger:error:31 - [UPDATE JOB-TITLE ERR] JobTitleId: 2:: (sqlite3.OperationalError) cannot commit transaction - SQL statements in progress
(Background on this error at: https://sqlalche.me/e/20/e3q8)
August 12, 2024 > 15:31:17 | ERROR | [UPDATE JOB-TITLE ERR] JobTitleId: 2:: (sqlite3.OperationalError) cannot commit transaction - SQL statements in progress
(Background on this error at: https://sqlalche.me/e/20/e3q8)
2024-08-12 15:36:05.816 | ERROR    | bojojo.utils.bologger:error:31 - [UPDATE JOB-TITLE ERR] JobTitleId: 2:: (sqlite3.OperationalError) cannot commit transaction - SQL statements in progress
(Background on this error at: https://sqlalche.me/e/20/e3q8)
August 12, 2024 > 15:36:05 | ERROR | [UPDATE JOB-TITLE ERR] JobTitleId: 2:: (sqlite3.OperationalError) cannot commit transaction - SQL statements in progress
(Background on this error at: https://sqlalche.me/e/20/e3q8)
2024-08-12 16:03:22.755 | ERROR    | bojojo.utils.bologger:error:31 - [UPDATE JOB-TITLE ERR] JobTitleName: mongodb developer:: (sqlite3.OperationalError) cannot commit transaction - SQL statements in progress
(Background on this error at: https://sqlalche.me/e/20/e3q8)
August 12, 2024 > 16:03:22 | ERROR | [UPDATE JOB-TITLE ERR] JobTitleName: mongodb developer:: (sqlite3.OperationalError) cannot commit transaction - SQL statements in progress
(Background on this error at: https://sqlalche.me/e/20/e3q8)
2024-08-12 16:19:41.090 | ERROR    | bojojo.utils.bologger:error:31 - [INSERT JOB-TITLE ERR] JobTitleId: {'name': 'software developer', 'experience_level': <ExperienceType.MIDCAREER: 'midcareer'>, 'experience_years': 2.5}:: (sqlite3.OperationalError) cannot commit transaction - SQL statements in progress
(Background on this error at: https://sqlalche.me/e/20/e3q8)
August 12, 2024 > 16:19:41 | ERROR | [INSERT JOB-TITLE ERR] JobTitleId: {'name': 'software developer', 'experience_level': <ExperienceType.MIDCAREER: 'midcareer'>, 'experience_years': 2.5}:: (sqlite3.OperationalError) cannot commit transaction - SQL statements in progress
(Background on this error at: https://sqlalche.me/e/20/e3q8)
2024-08-12 17:01:56.202 | ERROR    | bojojo.utils.bologger:error:31 - [DELETE JOB-TITLE ERR] JobTitleName: database developer:: This result object does not return rows. It has been closed automatically.
August 12, 2024 > 17:01:56 | ERROR | [DELETE JOB-TITLE ERR] JobTitleName: database developer:: This result object does not return rows. It has been closed automatically.
2024-08-12 17:02:28.685 | ERROR    | bojojo.utils.bologger:error:31 - [DELETE JOB-TITLE ERR] JobTitleName: database developer:: This result object does not return rows. It has been closed automatically.
August 12, 2024 > 17:02:28 | ERROR | [DELETE JOB-TITLE ERR] JobTitleName: database developer:: This result object does not return rows. It has been closed automatically.
